c:\users\simon\source\repos\snake\snake\debug\vc142.pdb
c:\users\simon\source\repos\snake\snake\debug\vc142.idb
c:\users\simon\source\repos\snake\snake\debug\snake.obj
c:\users\simon\source\repos\snake\snake\debug\main.obj
c:\users\simon\source\repos\snake\snake\debug\inputmanager.obj
c:\users\simon\source\repos\snake\snake\debug\graphicsmanager.obj
c:\users\simon\source\repos\snake\snake\debug\game.obj
c:\users\simon\source\repos\snake\snake\debug\coords.obj
c:\users\simon\source\repos\snake\snake\debug\cell.obj
c:\users\simon\source\repos\snake\debug\snake.pdb
c:\users\simon\source\repos\snake\snake\debug\snake.tlog\cl.command.1.tlog
c:\users\simon\source\repos\snake\snake\debug\snake.tlog\cl.read.1.tlog
c:\users\simon\source\repos\snake\snake\debug\snake.tlog\cl.write.1.tlog
c:\users\simon\source\repos\snake\snake\debug\snake.tlog\link-cvtres.read.1.tlog
c:\users\simon\source\repos\snake\snake\debug\snake.tlog\link-cvtres.write.1.tlog
c:\users\simon\source\repos\snake\snake\debug\snake.tlog\link-rc.read.1.tlog
c:\users\simon\source\repos\snake\snake\debug\snake.tlog\link-rc.write.1.tlog
c:\users\simon\source\repos\snake\snake\debug\snake.tlog\link.command.1.tlog
c:\users\simon\source\repos\snake\snake\debug\snake.tlog\link.read.1.tlog
c:\users\simon\source\repos\snake\snake\debug\snake.tlog\link.write.1.tlog
